<?xml version="1.0" encoding="UTF-8"?>
<testsuite xmlns:xsi="http://www.w3.org/2001/XMLSchema-instance" xsi:noNamespaceSchemaLocation="https://maven.apache.org/surefire/maven-surefire-plugin/xsd/surefire-test-report.xsd" version="3.0.2" name="com.infinance.ApiContractTest" time="27.459" tests="3" errors="0" skipped="0" failures="0" flakes="0">
  <properties>
[...]
</properties>
  <testcase name="sipContractContainsProjectionAndAssumptions" classname="com.infinance.ApiContractTest" time="1.734">
    <system-out><![CDATA[17:12:18.333 [main] INFO org.springframework.test.context.support.AnnotationConfigContextLoaderUtils -- Could not detect default configuration classes for test class [com.infinance.ApiContractTest]: ApiContractTest does not declare any static, non-private, non-final, nested classes annotated with @Configuration.
17:12:18.855 [main] INFO org.springframework.boot.test.context.SpringBootTestContextBootstrapper -- Found @SpringBootConfiguration com.infinance.InFinanceCalculatorApplication for test class com.infinance.ApiContractTest
17:12:19.216 [main] INFO org.springframework.test.context.support.AnnotationConfigContextLoaderUtils -- Could not detect default configuration classes for test class [com.infinance.ApiContractTest]: ApiContractTest does not declare any static, non-private, non-final, nested classes annotated with @Configuration.
17:12:19.225 [main] INFO org.springframework.boot.test.context.SpringBootTestContextBootstrapper -- Found @SpringBootConfiguration com.infinance.InFinanceCalculatorApplication for test class com.infinance.ApiContractTest

  .   ____          _            __ _ _
 /\\ / ___'_ __ _ _(_)_ __  __ _ \ \ \ \
( ( )\___ | '_ | '_| | '_ \/ _` | \ \ \ \
 \\/  ___)| |_)| | | | | || (_| |  ) ) ) )
  '  |____| .__|_| |_|_| |_\__, | / / / /
 =========|_|==============|___/=/_/_/_/

 :: Spring Boot ::                (v4.1.1)

2026-09-26T17:12:21.383+05:30  INFO 19540 --- [infinance-calculator-backend] [           main] com.infinance.ApiContractTest            : Starting ApiContractTest using Java 25.0.2 with PID 19540 (started by aniru in C:\Users\aniru\OneDrive\Desktop\Project - Aniruddha\Investment-Calculator\backend)
2026-09-26T17:12:21.387+05:30  INFO 19540 --- [infinance-calculator-backend] [           main] com.infinance.ApiContractTest            : The following 1 profile is active: "dev"
2026-09-26T17:12:25.530+05:30  INFO 19540 --- [infinance-calculator-backend] [           main] .s.d.r.c.RepositoryConfigurationDelegate : Bootstrapping Spring Data JPA repositories in DEFAULT mode.
2026-09-26T17:12:25.889+05:30  INFO 19540 --- [infinance-calculator-backend] [           main] .s.d.r.c.RepositoryConfigurationDelegate : Finished Spring Data repository scanning in 327 ms. Found 5 JPA repository interfaces.
2026-09-26T17:12:28.343+05:30  INFO 19540 --- [infinance-calculator-backend] [           main] com.zaxxer.hikari.HikariDataSource       : HikariPool-1 - Starting...
2026-09-26T17:12:29.135+05:30  INFO 19540 --- [infinance-calculator-backend] [           main] com.zaxxer.hikari.pool.HikariPool        : HikariPool-1 - Added connection conn0: url=jdbc:h2:mem:infinance_dev user=SA
2026-09-26T17:12:29.140+05:30  INFO 19540 --- [infinance-calculator-backend] [           main] com.zaxxer.hikari.HikariDataSource       : HikariPool-1 - Start completed.
2026-09-26T17:12:29.176+05:30  INFO 19540 --- [infinance-calculator-backend] [           main] org.flywaydb.core.FlywayExecutor         : Database: jdbc:h2:mem:infinance_dev (H2 2.4)
2026-09-26T17:12:29.393+05:30  WARN 19540 --- [infinance-calculator-backend] [           main] o.f.c.internal.database.base.Database    : Using H2 2.4.240 which is newer than the version Flyway has been verified with. The latest verified version of H2 is 2.3.232.
2026-09-26T17:12:29.503+05:30  INFO 19540 --- [infinance-calculator-backend] [           main] o.f.c.i.s.JdbcTableSchemaHistory         : Schema history table "PUBLIC"."flyway_schema_history" does not exist yet
2026-09-26T17:12:29.513+05:30  INFO 19540 --- [infinance-calculator-backend] [           main] o.f.core.internal.command.DbValidate     : Successfully validated 3 migrations (execution time 00:00.054s)
2026-09-26T17:12:29.529+05:30  INFO 19540 --- [infinance-calculator-backend] [           main] org.flywaydb.core.Flyway                 : All configured schemas are empty; a baseline marker will not be added to Flyway's schema history table. A baseline or migration script with a lower version than the baseline version may execute if available. Check the Schemas parameter if this is not intended. See https://help.red-gate.com/help/flyway-cli12/help_4.aspx?topic=baseline-on-migrate for more info
2026-09-26T17:12:29.532+05:30  INFO 19540 --- [infinance-calculator-backend] [           main] o.f.c.i.s.JdbcTableSchemaHistory         : Creating Schema History table "PUBLIC"."flyway_schema_history" ...
2026-09-26T17:12:29.619+05:30  INFO 19540 --- [infinance-calculator-backend] [           main] o.f.core.internal.command.DbMigrate      : Current version of schema "PUBLIC": << Empty Schema >>
2026-09-26T17:12:29.670+05:30  INFO 19540 --- [infinance-calculator-backend] [           main] o.f.core.internal.command.DbMigrate      : Migrating schema "PUBLIC" to version "1 - init assumptions and slabs"
2026-09-26T17:12:29.735+05:30  INFO 19540 --- [infinance-calculator-backend] [           main] o.f.core.internal.command.DbMigrate      : Migrating schema "PUBLIC" to version "2 - phase c audit"
2026-09-26T17:12:29.760+05:30  INFO 19540 --- [infinance-calculator-backend] [           main] o.f.core.internal.command.DbMigrate      : Migrating schema "PUBLIC" to version "3 - phase d1 accounts and scenarios"
2026-09-26T17:12:29.797+05:30  INFO 19540 --- [infinance-calculator-backend] [           main] o.f.core.internal.command.DbMigrate      : Successfully applied 3 migrations to schema "PUBLIC", now at version v3 (execution time 00:00.062s)
2026-09-26T17:12:30.215+05:30  INFO 19540 --- [infinance-calculator-backend] [           main] org.hibernate.orm.jpa                    : HHH008540: Processing PersistenceUnitInfo [name: default]
2026-09-26T17:12:30.462+05:30  INFO 19540 --- [infinance-calculator-backend] [           main] org.hibernate.orm.core                   : HHH000001: Hibernate ORM core version 7.4.5.Final
2026-09-26T17:12:31.975+05:30  INFO 19540 --- [infinance-calculator-backend] [           main] o.s.o.j.p.SpringPersistenceUnitInfo      : No LoadTimeWeaver setup: ignoring JPA class transformer
2026-09-26T17:12:32.307+05:30  INFO 19540 --- [infinance-calculator-backend] [           main] org.hibernate.orm.connections.pooling    : HHH10001005: Database info:
	Database JDBC URL [jdbc:h2:mem:infinance_dev]
	Database driver: H2 JDBC Driver
	Database dialect: H2Dialect
	Database version: 2.4.240
	Default catalog/schema: INFINANCE_DEV/PUBLIC
	Autocommit mode: undefined/unknown
	Isolation level: READ_COMMITTED [default READ_COMMITTED]
	JDBC fetch size: 100
	Pool: DataSourceConnectionProvider
	Minimum pool size: undefined/unknown
	Maximum pool size: undefined/unknown
2026-09-26T17:12:35.564+05:30  INFO 19540 --- [infinance-calculator-backend] [           main] org.hibernate.orm.core                   : HHH000489: No JTA platform available (set 'hibernate.transaction.jta.platform' to enable JTA platform integration)
2026-09-26T17:12:35.665+05:30  INFO 19540 --- [infinance-calculator-backend] [           main] j.LocalContainerEntityManagerFactoryBean : Initialized JPA EntityManagerFactory for persistence unit 'default'
2026-09-26T17:12:36.598+05:30  INFO 19540 --- [infinance-calculator-backend] [           main] o.s.d.j.r.query.QueryEnhancerFactories   : Hibernate is in classpath; If applicable, HQL parser will be used.
2026-09-26T17:12:38.789+05:30  INFO 19540 --- [infinance-calculator-backend] [           main] r$InitializeUserDetailsManagerConfigurer : Global AuthenticationManager configured with UserDetailsService bean with name userDetailsService
2026-09-26T17:12:40.659+05:30  WARN 19540 --- [infinance-calculator-backend] [           main] i.m.c.i.b.cache.CaffeineCacheMetrics     : The cache 'tax-slabs' is not recording statistics. No meters except 'cache.size' will be registered. Call 'Caffeine#recordStats()' prior to building the cache for metrics to be recorded.
2026-09-26T17:12:40.667+05:30  WARN 19540 --- [infinance-calculator-backend] [           main] i.m.c.i.b.cache.CaffeineCacheMetrics     : The cache 'ai-insights' is not recording statistics. No meters except 'cache.size' will be registered. Call 'Caffeine#recordStats()' prior to building the cache for metrics to be recorded.
2026-09-26T17:12:40.668+05:30  WARN 19540 --- [infinance-calculator-backend] [           main] i.m.c.i.b.cache.CaffeineCacheMetrics     : The cache 'assumptions' is not recording statistics. No meters except 'cache.size' will be registered. Call 'Caffeine#recordStats()' prior to building the cache for metrics to be recorded.
2026-09-26T17:12:40.929+05:30  INFO 19540 --- [infinance-calculator-backend] [           main] o.s.b.t.m.w.SpringBootMockServletContext : Initializing Spring TestDispatcherServlet ''
2026-09-26T17:12:40.930+05:30  INFO 19540 --- [infinance-calculator-backend] [           main] o.s.t.web.servlet.TestDispatcherServlet  : Initializing Servlet ''
2026-09-26T17:12:40.956+05:30  INFO 19540 --- [infinance-calculator-backend] [           main] o.s.b.a.e.web.EndpointLinksResolver      : Exposing 3 endpoints beneath base path '/actuator'
2026-09-26T17:12:40.973+05:30  INFO 19540 --- [infinance-calculator-backend] [           main] o.s.t.web.servlet.TestDispatcherServlet  : Completed initialization in 43 ms
2026-09-26T17:12:41.345+05:30  INFO 19540 --- [infinance-calculator-backend] [           main] com.infinance.ApiContractTest            : Started ApiContractTest in 21.224 seconds (process running for 27.415)
2026-09-26T17:12:41.525+05:30  WARN 19540 --- [infinance-calculator-backend] [           main] o.s.core.events.SpringDocAppInitializer  : SpringDoc /v3/api-docs endpoint is enabled by default. To disable it in production, set the property 'springdoc.api-docs.enabled=false'
2026-09-26T17:12:41.526+05:30  WARN 19540 --- [infinance-calculator-backend] [           main] o.s.core.events.SpringDocAppInitializer  : SpringDoc /swagger-ui.html endpoint is enabled by default. To disable it in production, set the property 'springdoc.swagger-ui.enabled=false'
]]></system-out>
    <system-err><![CDATA[Mockito is currently self-attaching to enable the inline-mock-maker. This will no longer work in future releases of the JDK. Please add Mockito as an agent to your build as described in Mockito's documentation: https://javadoc.io/doc/org.mockito/mockito-core/latest/org.mockito/org/mockito/Mockito.html#0.3
WARNING: A Java agent has been loaded dynamically (C:\Users\aniru\.m2\repository\net\bytebuddy\byte-buddy-agent\1.18.11\byte-buddy-agent-1.18.11.jar)
WARNING: If a serviceability tool is in use, please run with -XX:+EnableDynamicAgentLoading to hide this warning
WARNING: If a serviceability tool is not in use, please run with -Djdk.instrument.traceUsage for more information
WARNING: Dynamic loading of agents will be disallowed by default in a future release
]]></system-err>
  </testcase>
  <testcase name="taxSlabsContractReturnsConfiguredRegimes" classname="com.infinance.ApiContractTest" time="1.522"/>
  <testcase name="invalidSipContractUsesStructuredValidationError" classname="com.infinance.ApiContractTest" time="0.063"/>
</testsuite>