<?xml version="1.0" encoding="UTF-8"?>
<testsuite xmlns:xsi="http://www.w3.org/2001/XMLSchema-instance" xsi:noNamespaceSchemaLocation="https://maven.apache.org/surefire/maven-surefire-plugin/xsd/surefire-test-report.xsd" version="3.0.2" name="com.infinance.investing.controller.InvestingControllerTest" time="9.708" tests="2" errors="0" skipped="0" failures="0" flakes="0">
  <properties>
[...]
</properties>
  <testcase name="shouldCalculateSipSuccessfully" classname="com.infinance.investing.controller.InvestingControllerTest" time="0.648">
    <system-out><![CDATA[15:32:23.547 [main] INFO org.springframework.test.context.support.AnnotationConfigContextLoaderUtils -- Could not detect default configuration classes for test class [com.infinance.investing.controller.InvestingControllerTest]: InvestingControllerTest does not declare any static, non-private, non-final, nested classes annotated with @Configuration.
15:32:23.857 [main] INFO org.springframework.boot.test.context.SpringBootTestContextBootstrapper -- Found @SpringBootConfiguration com.infinance.InFinanceCalculatorApplication for test class com.infinance.investing.controller.InvestingControllerTest

  .   ____          _            __ _ _
 /\\ / ___'_ __ _ _(_)_ __  __ _ \ \ \ \
( ( )\___ | '_ | '_| | '_ \/ _` | \ \ \ \
 \\/  ___)| |_)| | | | | || (_| |  ) ) ) )
  '  |____| .__|_| |_|_| |_\__, | / / / /
 =========|_|==============|___/=/_/_/_/

 :: Spring Boot ::               (v3.5.16)

2026-09-19T15:32:25.171+05:30  INFO 20756 --- [infinance-calculator-backend] [           main] c.i.i.c.InvestingControllerTest          : Starting InvestingControllerTest using Java 21.0.11 with PID 20756 (started by aniru in C:\Users\aniru\OneDrive\Desktop\Project - Aniruddha\Investment-Calculator\backend)
2026-09-19T15:32:25.174+05:30  INFO 20756 --- [infinance-calculator-backend] [           main] c.i.i.c.InvestingControllerTest          : The following 1 profile is active: "dev"
2026-09-19T15:32:26.990+05:30  INFO 20756 --- [infinance-calculator-backend] [           main] .s.d.r.c.RepositoryConfigurationDelegate : Bootstrapping Spring Data JPA repositories in DEFAULT mode.
2026-09-19T15:32:27.150+05:30  INFO 20756 --- [infinance-calculator-backend] [           main] .s.d.r.c.RepositoryConfigurationDelegate : Finished Spring Data repository scanning in 116 ms. Found 2 JPA repository interfaces.
2026-09-19T15:32:28.206+05:30  INFO 20756 --- [infinance-calculator-backend] [           main] com.zaxxer.hikari.HikariDataSource       : HikariPool-1 - Starting...
2026-09-19T15:32:28.469+05:30  INFO 20756 --- [infinance-calculator-backend] [           main] com.zaxxer.hikari.pool.HikariPool        : HikariPool-1 - Added connection conn0: url=jdbc:h2:mem:infinance_dev user=SA
2026-09-19T15:32:28.472+05:30  INFO 20756 --- [infinance-calculator-backend] [           main] com.zaxxer.hikari.HikariDataSource       : HikariPool-1 - Start completed.
2026-09-19T15:32:28.529+05:30  INFO 20756 --- [infinance-calculator-backend] [           main] org.flywaydb.core.FlywayExecutor         : Database: jdbc:h2:mem:infinance_dev (H2 2.3)
2026-09-19T15:32:28.581+05:30  INFO 20756 --- [infinance-calculator-backend] [           main] o.f.c.i.s.JdbcTableSchemaHistory         : Schema history table "PUBLIC"."flyway_schema_history" does not exist yet
2026-09-19T15:32:28.584+05:30  INFO 20756 --- [infinance-calculator-backend] [           main] o.f.core.internal.command.DbValidate     : Successfully validated 1 migration (execution time 00:00.017s)
2026-09-19T15:32:28.590+05:30  INFO 20756 --- [infinance-calculator-backend] [           main] org.flywaydb.core.Flyway                 : All configured schemas are empty; baseline operation skipped. A baseline or migration script with a lower version than the baseline version may execute if available. Check the Schemas parameter if this is not intended.
2026-09-19T15:32:28.592+05:30  INFO 20756 --- [infinance-calculator-backend] [           main] o.f.c.i.s.JdbcTableSchemaHistory         : Creating Schema History table "PUBLIC"."flyway_schema_history" ...
2026-09-19T15:32:28.639+05:30  INFO 20756 --- [infinance-calculator-backend] [           main] o.f.core.internal.command.DbMigrate      : Current version of schema "PUBLIC": << Empty Schema >>
2026-09-19T15:32:28.657+05:30  INFO 20756 --- [infinance-calculator-backend] [           main] o.f.core.internal.command.DbMigrate      : Migrating schema "PUBLIC" to version "1 - init assumptions and slabs"
2026-09-19T15:32:28.691+05:30  INFO 20756 --- [infinance-calculator-backend] [           main] o.f.core.internal.command.DbMigrate      : Successfully applied 1 migration to schema "PUBLIC", now at version v1 (execution time 00:00.016s)
2026-09-19T15:32:28.877+05:30  INFO 20756 --- [infinance-calculator-backend] [           main] o.hibernate.jpa.internal.util.LogHelper  : HHH000204: Processing PersistenceUnitInfo [name: default]
2026-09-19T15:32:28.950+05:30  INFO 20756 --- [infinance-calculator-backend] [           main] org.hibernate.Version                    : HHH000412: Hibernate ORM core version 6.6.53.Final
2026-09-19T15:32:28.992+05:30  INFO 20756 --- [infinance-calculator-backend] [           main] o.h.c.internal.RegionFactoryInitiator    : HHH000026: Second-level cache disabled
2026-09-19T15:32:29.333+05:30  INFO 20756 --- [infinance-calculator-backend] [           main] o.s.o.j.p.SpringPersistenceUnitInfo      : No LoadTimeWeaver setup: ignoring JPA class transformer
2026-09-19T15:32:29.406+05:30  INFO 20756 --- [infinance-calculator-backend] [           main] org.hibernate.orm.connections.pooling    : HHH10001005: Database info:
	Database JDBC URL [Connecting through datasource 'HikariDataSource (HikariPool-1)']
	Database driver: undefined/unknown
	Database version: 2.3.232
	Autocommit mode: undefined/unknown
	Isolation level: undefined/unknown
	Minimum pool size: undefined/unknown
	Maximum pool size: undefined/unknown
2026-09-19T15:32:30.319+05:30  INFO 20756 --- [infinance-calculator-backend] [           main] o.h.e.t.j.p.i.JtaPlatformInitiator       : HHH000489: No JTA platform available (set 'hibernate.transaction.jta.platform' to enable JTA platform integration)
2026-09-19T15:32:30.340+05:30  INFO 20756 --- [infinance-calculator-backend] [           main] j.LocalContainerEntityManagerFactoryBean : Initialized JPA EntityManagerFactory for persistence unit 'default'
2026-09-19T15:32:31.948+05:30  INFO 20756 --- [infinance-calculator-backend] [           main] o.s.b.a.h2.H2ConsoleAutoConfiguration    : H2 console available at '/h2-console'. Database available at 'jdbc:h2:mem:infinance_dev'
2026-09-19T15:32:31.981+05:30  INFO 20756 --- [infinance-calculator-backend] [           main] o.s.b.t.m.w.SpringBootMockServletContext : Initializing Spring TestDispatcherServlet ''
2026-09-19T15:32:31.981+05:30  INFO 20756 --- [infinance-calculator-backend] [           main] o.s.t.web.servlet.TestDispatcherServlet  : Initializing Servlet ''
2026-09-19T15:32:31.989+05:30  INFO 20756 --- [infinance-calculator-backend] [           main] o.s.b.a.e.web.EndpointLinksResolver      : Exposing 3 endpoints beneath base path '/actuator'
2026-09-19T15:32:32.004+05:30  INFO 20756 --- [infinance-calculator-backend] [           main] o.s.t.web.servlet.TestDispatcherServlet  : Completed initialization in 22 ms
2026-09-19T15:32:32.122+05:30  INFO 20756 --- [infinance-calculator-backend] [           main] c.i.i.c.InvestingControllerTest          : Started InvestingControllerTest in 7.803 seconds (process running for 10.292)
]]></system-out>
    <system-err><![CDATA[Mockito is currently self-attaching to enable the inline-mock-maker. This will no longer work in future releases of the JDK. Please add Mockito as an agent to your build as described in Mockito's documentation: https://javadoc.io/doc/org.mockito/mockito-core/latest/org.mockito/org/mockito/Mockito.html#0.3
WARNING: A Java agent has been loaded dynamically (C:\Users\aniru\.m2\repository\net\bytebuddy\byte-buddy-agent\1.17.8\byte-buddy-agent-1.17.8.jar)
WARNING: If a serviceability tool is in use, please run with -XX:+EnableDynamicAgentLoading to hide this warning
WARNING: If a serviceability tool is not in use, please run with -Djdk.instrument.traceUsage for more information
WARNING: Dynamic loading of agents will be disallowed by default in a future release
]]></system-err>
  </testcase>
  <testcase name="shouldFailValidationWhenSipUnderMin" classname="com.infinance.investing.controller.InvestingControllerTest" time="0.035"/>
</testsuite>