<?xml version="1.0" encoding="UTF-8"?>
<testsuite xmlns:xsi="http://www.w3.org/2001/XMLSchema-instance" xsi:noNamespaceSchemaLocation="https://maven.apache.org/surefire/maven-surefire-plugin/xsd/surefire-test-report.xsd" version="3.0.2" name="com.infinance.config_engine.RateVerificationAssertionTest" time="5.013" tests="5" errors="0" skipped="0" failures="0" flakes="0">
  <properties>
[...]
</properties>
  <testcase name="testGovernmentSchemesMatchVerificationReport" classname="com.infinance.config_engine.RateVerificationAssertionTest" time="0.018">
    <system-out><![CDATA[2026-09-26T17:33:28.331+05:30  INFO 14676 --- [infinance-calculator-backend] [           main] t.c.s.AnnotationConfigContextLoaderUtils : Could not detect default configuration classes for test class [com.infinance.config_engine.RateVerificationAssertionTest]: RateVerificationAssertionTest does not declare any static, non-private, non-final, nested classes annotated with @Configuration.
2026-09-26T17:33:28.509+05:30  INFO 14676 --- [infinance-calculator-backend] [           main] .b.t.c.SpringBootTestContextBootstrapper : Found @SpringBootConfiguration com.infinance.InFinanceCalculatorApplication for test class com.infinance.config_engine.RateVerificationAssertionTest
2026-09-26T17:33:28.515+05:30  INFO 14676 --- [infinance-calculator-backend] [           main] t.c.s.AnnotationConfigContextLoaderUtils : Could not detect default configuration classes for test class [com.infinance.config_engine.RateVerificationAssertionTest]: RateVerificationAssertionTest does not declare any static, non-private, non-final, nested classes annotated with @Configuration.
2026-09-26T17:33:28.521+05:30  INFO 14676 --- [infinance-calculator-backend] [           main] .b.t.c.SpringBootTestContextBootstrapper : Found @SpringBootConfiguration com.infinance.InFinanceCalculatorApplication for test class com.infinance.config_engine.RateVerificationAssertionTest

  .   ____          _            __ _ _
 /\\ / ___'_ __ _ _(_)_ __  __ _ \ \ \ \
( ( )\___ | '_ | '_| | '_ \/ _` | \ \ \ \
 \\/  ___)| |_)| | | | | || (_| |  ) ) ) )
  '  |____| .__|_| |_|_| |_\__, | / / / /
 =========|_|==============|___/=/_/_/_/

 :: Spring Boot ::                (v4.1.1)

2026-09-26T17:33:28.712+05:30  INFO 14676 --- [infinance-calculator-backend] [           main] c.i.c.RateVerificationAssertionTest      : Starting RateVerificationAssertionTest using Java 25.0.2 with PID 14676 (started by aniru in C:\Users\aniru\OneDrive\Desktop\Project - Aniruddha\Investment-Calculator\backend)
2026-09-26T17:33:28.713+05:30  INFO 14676 --- [infinance-calculator-backend] [           main] c.i.c.RateVerificationAssertionTest      : The following 1 profile is active: "dev"
2026-09-26T17:33:30.214+05:30  INFO 14676 --- [infinance-calculator-backend] [           main] .s.d.r.c.RepositoryConfigurationDelegate : Bootstrapping Spring Data JPA repositories in DEFAULT mode.
2026-09-26T17:33:30.457+05:30  INFO 14676 --- [infinance-calculator-backend] [           main] .s.d.r.c.RepositoryConfigurationDelegate : Finished Spring Data repository scanning in 218 ms. Found 5 JPA repository interfaces.
2026-09-26T17:33:31.008+05:30  INFO 14676 --- [infinance-calculator-backend] [           main] com.zaxxer.hikari.HikariDataSource       : HikariPool-2 - Starting...
2026-09-26T17:33:31.013+05:30  INFO 14676 --- [infinance-calculator-backend] [           main] com.zaxxer.hikari.pool.HikariPool        : HikariPool-2 - Added connection conn10: url=jdbc:h2:mem:infinance_dev user=SA
2026-09-26T17:33:31.014+05:30  INFO 14676 --- [infinance-calculator-backend] [           main] com.zaxxer.hikari.HikariDataSource       : HikariPool-2 - Start completed.
2026-09-26T17:33:31.015+05:30  INFO 14676 --- [infinance-calculator-backend] [           main] org.flywaydb.core.FlywayExecutor         : Database: jdbc:h2:mem:infinance_dev (H2 2.4)
2026-09-26T17:33:31.042+05:30  WARN 14676 --- [infinance-calculator-backend] [           main] o.f.c.internal.database.base.Database    : Using H2 2.4.240 which is newer than the version Flyway has been verified with. The latest verified version of H2 is 2.3.232.
2026-09-26T17:33:31.068+05:30  INFO 14676 --- [infinance-calculator-backend] [           main] o.f.core.internal.command.DbValidate     : Successfully validated 4 migrations (execution time 00:00.020s)
2026-09-26T17:33:31.078+05:30  INFO 14676 --- [infinance-calculator-backend] [           main] o.f.core.internal.command.DbMigrate      : Current version of schema "PUBLIC": 4
2026-09-26T17:33:31.079+05:30  INFO 14676 --- [infinance-calculator-backend] [           main] o.f.core.internal.command.DbMigrate      : Schema "PUBLIC" is up to date. No migration necessary.
2026-09-26T17:33:31.236+05:30  INFO 14676 --- [infinance-calculator-backend] [           main] org.hibernate.orm.jpa                    : HHH008540: Processing PersistenceUnitInfo [name: default]
2026-09-26T17:33:31.318+05:30  INFO 14676 --- [infinance-calculator-backend] [           main] o.s.o.j.p.SpringPersistenceUnitInfo      : No LoadTimeWeaver setup: ignoring JPA class transformer
2026-09-26T17:33:31.323+05:30  INFO 14676 --- [infinance-calculator-backend] [           main] org.hibernate.orm.connections.pooling    : HHH10001005: Database info:
	Database JDBC URL [jdbc:h2:mem:infinance_dev]
	Database driver: H2 JDBC Driver
	Database dialect: H2Dialect
	Database version: 2.4.240
	Default catalog/schema: INFINANCE_DEV/PUBLIC
	Autocommit mode: undefined/unknown
	Isolation level: READ_COMMITTED [default READ_COMMITTED]
	JDBC fetch size: 100
	Pool: DataSourceConnectionProvider
	Minimum pool size: undefined/unknown
	Maximum pool size: undefined/unknown
2026-09-26T17:33:31.558+05:30  INFO 14676 --- [infinance-calculator-backend] [           main] org.hibernate.orm.core                   : HHH000489: No JTA platform available (set 'hibernate.transaction.jta.platform' to enable JTA platform integration)
2026-09-26T17:33:31.570+05:30  INFO 14676 --- [infinance-calculator-backend] [           main] j.LocalContainerEntityManagerFactoryBean : Initialized JPA EntityManagerFactory for persistence unit 'default'
2026-09-26T17:33:32.391+05:30  INFO 14676 --- [infinance-calculator-backend] [           main] r$InitializeUserDetailsManagerConfigurer : Global AuthenticationManager configured with UserDetailsService bean with name userDetailsService
2026-09-26T17:33:32.990+05:30  WARN 14676 --- [infinance-calculator-backend] [           main] i.m.c.i.b.cache.CaffeineCacheMetrics     : The cache 'tax-slabs' is not recording statistics. No meters except 'cache.size' will be registered. Call 'Caffeine#recordStats()' prior to building the cache for metrics to be recorded.
2026-09-26T17:33:32.991+05:30  WARN 14676 --- [infinance-calculator-backend] [           main] i.m.c.i.b.cache.CaffeineCacheMetrics     : The cache 'ai-insights' is not recording statistics. No meters except 'cache.size' will be registered. Call 'Caffeine#recordStats()' prior to building the cache for metrics to be recorded.
2026-09-26T17:33:32.992+05:30  WARN 14676 --- [infinance-calculator-backend] [           main] i.m.c.i.b.cache.CaffeineCacheMetrics     : The cache 'assumptions' is not recording statistics. No meters except 'cache.size' will be registered. Call 'Caffeine#recordStats()' prior to building the cache for metrics to be recorded.
2026-09-26T17:33:33.168+05:30  INFO 14676 --- [infinance-calculator-backend] [           main] o.s.b.a.e.web.EndpointLinksResolver      : Exposing 3 endpoints beneath base path '/actuator'
2026-09-26T17:33:33.243+05:30  INFO 14676 --- [infinance-calculator-backend] [           main] c.i.c.RateVerificationAssertionTest      : Started RateVerificationAssertionTest in 4.699 seconds (process running for 36.421)
2026-09-26T17:33:33.247+05:30  WARN 14676 --- [infinance-calculator-backend] [           main] o.s.core.events.SpringDocAppInitializer  : SpringDoc /v3/api-docs endpoint is enabled by default. To disable it in production, set the property 'springdoc.api-docs.enabled=false'
2026-09-26T17:33:33.248+05:30  WARN 14676 --- [infinance-calculator-backend] [           main] o.s.core.events.SpringDocAppInitializer  : SpringDoc /swagger-ui.html endpoint is enabled by default. To disable it in production, set the property 'springdoc.swagger-ui.enabled=false'
]]></system-out>
  </testcase>
  <testcase name="testTaxOldRegimeMatchesVerificationReport" classname="com.infinance.config_engine.RateVerificationAssertionTest" time="0.019"/>
  <testcase name="testInflationRatesMatchVerificationReport" classname="com.infinance.config_engine.RateVerificationAssertionTest" time="0.009"/>
  <testcase name="testTaxNewRegimeMatchesVerificationReport" classname="com.infinance.config_engine.RateVerificationAssertionTest" time="0.013"/>
  <testcase name="testMarketBenchmarksMatchVerificationReport" classname="com.infinance.config_engine.RateVerificationAssertionTest" time="0.009"/>
</testsuite>